Arguments: 
  E:\Program Files (x86)\nodejs\node.exe C:\Users\truon\AppData\Roaming\npm\node_modules\yarn\bin\yarn.js add -D ts-node

PATH: 
  C:\Program Files (x86)\VMware\VMware Workstation\bin\;C:\Windows\system32;C:\Windows;C:\Windows\System32\Wbem;C:\Windows\System32\WindowsPowerShell\v1.0\;C:\Windows\System32\OpenSSH\;C:\Program Files (x86)\NVIDIA Corporation\PhysX\Common;C:\Program Files\NVIDIA Corporation\NVIDIA NvDLISR;E:\Program Files\VietPN;E:\Program Files (x86)\nodejs\;E:\Program Files (x86)\Git\cmd;F:\Program Files\Git LFS;C:\Program Files (x86)\Microsoft SQL Server\150\DTS\Binn\;C:\Program Files\Azure Data Studio\bin;C:\Users\Admin\AppData\Local\Programs\Python\Python310\Scripts;C:\Users\Admin\AppData\Local\Programs\Python\Python310;C:\Users\truon\AppData\Roaming\Python\Python310\Scripts;F:\Kubo_v_0.17.0\kubo;F:\yt-dl\;C:\Users\truon\AppData\Local\Microsoft\WindowsApps;D:\Program Files\Microsoft VS Code\bin;C:\Users\truon\AppData\Roaming\npm;C:\Users\truon\AppData\Local\GitHubDesktop\bin;C:\Program Files\Azure Data Studio\bin;E:\ghcup\bin

Yarn version: 
  1.22.19

Node version: 
  18.12.1

Platform: 
  win32 x64

Trace: 
  SyntaxError: F:\New Project\server\package.json: Unexpected string in JSON at position 157
      at JSON.parse (<anonymous>)
      at C:\Users\truon\AppData\Roaming\npm\node_modules\yarn\lib\cli.js:1629:59
      at Generator.next (<anonymous>)
      at step (C:\Users\truon\AppData\Roaming\npm\node_modules\yarn\lib\cli.js:310:30)
      at C:\Users\truon\AppData\Roaming\npm\node_modules\yarn\lib\cli.js:321:13

npm manifest: 
  {
    "name": "server",
    "version": "1.0.0",
    "description": "nextjs-app",
    "main": "index.js",
    "scripts": {
      "start": "ts-node server/index.ts"
    }
    "author": "truonggiang1757",
    "license": "MIT",
    "devDependencies": {
      "@types/node": "^18.14.0",
      "typescript": "^4.9.5"
    }
  }

yarn manifest: 
  No manifest

Lockfile: 
  # THIS IS AN AUTOGENERATED FILE. DO NOT EDIT THIS FILE DIRECTLY.
  # yarn lockfile v1
  
  
  "@types/node@^18.14.0":
    version "18.14.0"
    resolved "https://registry.yarnpkg.com/@types/node/-/node-18.14.0.tgz#94c47b9217bbac49d4a67a967fdcdeed89ebb7d0"
    integrity sha512-5EWrvLmglK+imbCJY0+INViFWUHg1AHel1sq4ZVSfdcNqGy9Edv3UB9IIzzg+xPaUcAgZYcfVs2fBcwDeZzU0A==
  
  typescript@^4.9.5:
    version "4.9.5"
    resolved "https://registry.yarnpkg.com/typescript/-/typescript-4.9.5.tgz#095979f9bcc0d09da324d58d03ce8f8374cbe65a"
    integrity sha512-1FXk9E2Hm+QzZQ7z+McJiHL4NW1F2EzMu9Nq9i3zAaGqibafqYwCVU6WyWAuyQRRzOlxou8xZSyXLEN8oKj24g==
